Unity Editor version:    2020.3.25f1c1 (fd09ccef852e)
Branch:                  2020.3/china_unity/release
Build type:              Release
Batch mode:              YES
macOS version:           Version 10.15.7 (Build 19H1922)
Darwin version:          19.6.0
Architecture:            x86_64
Running under Rosetta:   NO
Available memory:        32768 MB
Using pre-set license
Pro License: NO

COMMAND LINE ARGUMENTS:
/Applications/2020.3.25f1c1/Unity.app/Contents/MacOS/Unity
-adb2
-batchMode
-noUpm
-name
AssetImportWorker0
-projectPath
/Users/wuzhengchao/Desktop/Teaching/Students/YangGuangTaiYu/2022_6_20/YangGuangTaiYu(GameJam)
-logFile
Logs/AssetImportWorker0.log
-srvPort
62290
Successfully changed project path to: /Users/wuzhengchao/Desktop/Teaching/Students/YangGuangTaiYu/2022_6_20/YangGuangTaiYu(GameJam)
/Users/wuzhengchao/Desktop/Teaching/Students/YangGuangTaiYu/2022_6_20/YangGuangTaiYu(GameJam)
Using Asset Import Pipeline V2.
AS: AutoStreaming module initializing.Refreshing native plugins compatible for Editor in 42.20 ms, found 3 plugins.
Preloading 0 native plugins for Editor in 0.00 ms.
Initialize engine version: 2020.3.25f1c1 (fd09ccef852e)
[Subsystems] Discovering subsystems at path /Applications/2020.3.25f1c1/Unity.app/Contents/Resources/UnitySubsystems
[Subsystems] Discovering subsystems at path /Users/wuzhengchao/Desktop/Teaching/Students/YangGuangTaiYu/2022_6_20/YangGuangTaiYu(GameJam)/Assets
GfxDevice: creating device client; threaded=0
2022-07-19 18:36:33.808 Unity[25739:436884] Color LCD preferred device: AMD Radeon Pro 5500M (high power)
2022-07-19 18:36:33.808 Unity[25739:436884] Metal devices available: 2
2022-07-19 18:36:33.808 Unity[25739:436884] 0: AMD Radeon Pro 5500M (high power)
2022-07-19 18:36:33.808 Unity[25739:436884] 1: Intel(R) UHD Graphics 630 (low power)
2022-07-19 18:36:33.809 Unity[25739:436884] Using device AMD Radeon Pro 5500M (high power)
Initializing Metal device caps: AMD Radeon Pro 5500M
Initialize mono
Mono path[0] = '/Applications/2020.3.25f1c1/Unity.app/Contents/Managed'
Mono path[1] = '/Applications/2020.3.25f1c1/Unity.app/Contents/MonoBleedingEdge/lib/mono/unityjit'
Mono config path = '/Applications/2020.3.25f1c1/Unity.app/Contents/MonoBleedingEdge/etc'
Using monoOptions --debugger-agent=transport=dt_socket,embedding=1,server=y,suspend=n,address=127.0.0.1:56739
Begin MonoManager ReloadAssembly
Registering precompiled unity dll's ...
Register platform support module: /Applications/2020.3.25f1c1/PlaybackEngines/WebGLSupport/UnityEditor.WebGL.Extensions.dll
Register platform support module: /Applications/2020.3.25f1c1/Unity.app/Contents/PlaybackEngines/MacStandaloneSupport/UnityEditor.OSXStandalone.Extensions.dll
Registered in 0.000520 seconds.
Native extension for OSXStandalone target not found
Native extension for WebGL target not found
Refreshing native plugins compatible for Editor in 44.07 ms, found 3 plugins.
Preloading 0 native plugins for Editor in 0.00 ms.
Mono: successfully reloaded assembly
- Completed reload, in  0.640 seconds
Domain Reload Profiling:
	ReloadAssembly (640ms)
		BeginReloadAssembly (40ms)
			ExecutionOrderSort (0ms)
			DisableScriptedObjects (0ms)
			BackupInstance (0ms)
			ReleaseScriptingObjects (0ms)
			CreateAndSetChildDomain (1ms)
		EndReloadAssembly (524ms)
			LoadAssemblies (39ms)
			RebuildTransferFunctionScriptingTraits (0ms)
			SetupTypeCache (184ms)
			ReleaseScriptCaches (0ms)
			RebuildScriptCaches (50ms)
			SetupLoadedEditorAssemblies (200ms)
				LogAssemblyErrors (0ms)
				InitializePlatformSupportModulesInManaged (6ms)
				SetLoadedEditorAssemblies (0ms)
				RefreshPlugins (44ms)
				BeforeProcessingInitializeOnLoad (27ms)
				ProcessInitializeOnLoadAttributes (94ms)
				ProcessInitializeOnLoadMethodAttributes (28ms)
				AfterProcessingInitializeOnLoad (0ms)
				EditorAssembliesLoaded (0ms)
			ExecutionOrderSort2 (0ms)
			AwakeInstancesAfterBackupRestoration (0ms)
Platform modules already initialized, skipping
Registering precompiled user dll's ...
Registered in 0.001615 seconds.
Begin MonoManager ReloadAssembly
Native extension for OSXStandalone target not found
Native extension for WebGL target not found
Refreshing native plugins compatible for Editor in 39.80 ms, found 3 plugins.
Preloading 0 native plugins for Editor in 0.00 ms.
Mono: successfully reloaded assembly
- Completed reload, in  1.170 seconds
Domain Reload Profiling:
	ReloadAssembly (1171ms)
		BeginReloadAssembly (155ms)
			ExecutionOrderSort (0ms)
			DisableScriptedObjects (5ms)
			BackupInstance (0ms)
			ReleaseScriptingObjects (0ms)
			CreateAndSetChildDomain (30ms)
		EndReloadAssembly (953ms)
			LoadAssemblies (75ms)
			RebuildTransferFunctionScriptingTraits (0ms)
			SetupTypeCache (374ms)
			ReleaseScriptCaches (0ms)
			RebuildScriptCaches (56ms)
			SetupLoadedEditorAssemblies (327ms)
				LogAssemblyErrors (0ms)
				InitializePlatformSupportModulesInManaged (4ms)
				SetLoadedEditorAssemblies (0ms)
				RefreshPlugins (40ms)
				BeforeProcessingInitializeOnLoad (66ms)
				ProcessInitializeOnLoadAttributes (200ms)
				ProcessInitializeOnLoadMethodAttributes (16ms)
				AfterProcessingInitializeOnLoad (1ms)
				EditorAssembliesLoaded (0ms)
			ExecutionOrderSort2 (0ms)
			AwakeInstancesAfterBackupRestoration (6ms)
Platform modules already initialized, skipping
Validating Project structure ... 0.001213 seconds.

LICENSE SYSTEM [2022719 18:36:36] Next license update check is after 2022-07-20T09:16:19

Shader import version has changed; will reimport all shaders...
Upgrading shader files ...0.001446 seconds.
Application.AssetDatabase Initial Script Refresh Start
RefreshInfo: InitialScriptRefreshV2(NoUpdateAssetOptions) scanfilter:  ... 1 filters
RefreshProfiler: Total: 0.000ms
Application.AssetDatabase Initial Script Refresh End
Application.AssetDatabase.Refresh Start
Application.AssetDatabase.Refresh End
RefreshInfo: StopAssetImportingV2(ForceSynchronousImport) scanfilter: 
RefreshProfiler: Total: 0.000ms
Launching external process: /Applications/2020.3.25f1c1/Unity.app/Contents/Tools/UnityShaderCompiler
Launched and connected shader compiler UnityShaderCompiler after 0.01 seconds
Initializing Unity extensions:
========================================================================
Worker process is ready to serve import requests
Refreshing native plugins compatible for Editor in 0.34 ms, found 3 plugins.
Preloading 0 native plugins for Editor in 0.00 ms.
Unloading 2197 Unused Serialized files (Serialized files now loaded: 0)
System memory in use before: 197.3 MB.
System memory in use after: 196.6 MB.

Unloading 103 unused Assets to reduce memory usage. Loaded Objects now: 2670.
Total: 3.474445 ms (FindLiveObjects: 0.156462 ms CreateObjectMapping: 0.075034 ms MarkObjects: 2.772720 ms  DeleteObjects: 0.469487 ms)

AssetImportParameters requested are different than current active one (requested -> active):
  custom:video-decoder-ogg-theora: a1e56fd34408186e4bbccfd4996cb3dc -> 
  custom:container-muxer-webm: aa71ff27fc2769a1b78a27578f13a17b -> 
  custom:container-demuxer-webm: 4f35f7cbe854078d1ac9338744f61a02 -> 
  custom:container-demuxer-ogg: 62fdf1f143b41e24485cea50d1cbac27 -> 
  custom:video-encoder-webm-vp8: eb34c28f22e8b96e1ab97ce403110664 -> 
  custom:framework-osx-AVFoundation: b23960f63f64bdc6ff669e2cdcee2391 -> 
  custom:video-decoder-webm-vp8: 9c59270c3fd7afecdb556c50c9e8de78 -> 
  custom:audio-decoder-ogg-vorbis: bf7c407c2cedff20999df2af8eb42d56 -> 
  custom:audio-encoder-webm-vorbis: bf7c407c2cedff20999df2af8eb42d56 -> 
========================================================================
Received Import Request.
  path: Assets/Arts/Attack_normal/普通攻击-15 2.png
  artifactKey: Guid(4612e5e40ef6844ff8c5333695cdfa9b) Importer(815301076,1909f56bfc062723c751e8b465ee728b)
Start importing Assets/Arts/Attack_normal/普通攻击-15 2.png using Guid(4612e5e40ef6844ff8c5333695cdfa9b) Importer(815301076,1909f56bfc062723c751e8b465ee728b)  -> (artifact id: 'fdae4039090a997733926446a89c6c22') in 0.690006 seconds 
  Import took 0.696700 seconds .

========================================================================
Received Import Request.
  Time since last request: 0.000267 seconds.
  path: Assets/Arts/Attack_normal/普通攻击-13 2.png
  artifactKey: Guid(d3ebbde8e2bfb402fbf494e31db26e1e) Importer(815301076,1909f56bfc062723c751e8b465ee728b)
Start importing Assets/Arts/Attack_normal/普通攻击-13 2.png using Guid(d3ebbde8e2bfb402fbf494e31db26e1e) Importer(815301076,1909f56bfc062723c751e8b465ee728b)  -> (artifact id: '30495c34727b0cfa09732048a30b83e3') in 0.029071 seconds 
  Import took 0.033701 seconds .

========================================================================
Received Import Request.
  Time since last request: 0.000169 seconds.
  path: Assets/Arts/Attack_normal/普通攻击-14 2.png
  artifactKey: Guid(8ca11e7c9c7474bfab385c95567a603e) Importer(815301076,1909f56bfc062723c751e8b465ee728b)
Start importing Assets/Arts/Attack_normal/普通攻击-14 2.png using Guid(8ca11e7c9c7474bfab385c95567a603e) Importer(815301076,1909f56bfc062723c751e8b465ee728b)  -> (artifact id: '927c739c464a2235be969327730fd519') in 0.019336 seconds 
  Import took 0.024158 seconds .

========================================================================
Received Import Request.
  Time since last request: 0.000182 seconds.
  path: Assets/Arts/Attack_normal/普通攻击-12 2.png
  artifactKey: Guid(1a23bc66f35554305ba9c78a45afb5be) Importer(815301076,1909f56bfc062723c751e8b465ee728b)
Start importing Assets/Arts/Attack_normal/普通攻击-12 2.png using Guid(1a23bc66f35554305ba9c78a45afb5be) Importer(815301076,1909f56bfc062723c751e8b465ee728b)  -> (artifact id: 'e765e5448349da7eb845f6d78c73f872') in 0.018235 seconds 
  Import took 0.022282 seconds .

========================================================================
Received Import Request.
  Time since last request: 5.259820 seconds.
  path: Assets/Arts/Attack_normal/普通攻击-16 2.png
  artifactKey: Guid(3d5f117a944644084bc987fbc03bb2ff) Importer(815301076,1909f56bfc062723c751e8b465ee728b)
Start importing Assets/Arts/Attack_normal/普通攻击-16 2.png using Guid(3d5f117a944644084bc987fbc03bb2ff) Importer(815301076,1909f56bfc062723c751e8b465ee728b)  -> (artifact id: '25c1f6586399feeb73f34ea3f6d0c842') in 0.027076 seconds 
  Import took 0.032315 seconds .

========================================================================
Received Import Request.
  Time since last request: 0.000186 seconds.
  path: Assets/Arts/Attack_normal/普通攻击-17 2.png
  artifactKey: Guid(eded964d8555f431d962450957234dca) Importer(815301076,1909f56bfc062723c751e8b465ee728b)
Start importing Assets/Arts/Attack_normal/普通攻击-17 2.png using Guid(eded964d8555f431d962450957234dca) Importer(815301076,1909f56bfc062723c751e8b465ee728b)  -> (artifact id: '3493f5904e9ceb9f5a338cc3644aad02') in 0.022654 seconds 
  Import took 0.027691 seconds .

========================================================================
Received Import Request.
  Time since last request: 0.000205 seconds.
  path: Assets/Arts/Attack_normal/普通攻击-18 2.png
  artifactKey: Guid(f100ecb9d4e194ff298957fb101b8992) Importer(815301076,1909f56bfc062723c751e8b465ee728b)
Start importing Assets/Arts/Attack_normal/普通攻击-18 2.png using Guid(f100ecb9d4e194ff298957fb101b8992) Importer(815301076,1909f56bfc062723c751e8b465ee728b)  -> (artifact id: '8e95a860916ca26d56d04d08ee4062f2') in 0.028464 seconds 
  Import took 0.032820 seconds .

========================================================================
Received Import Request.
  Time since last request: 109.065717 seconds.
  path: Assets/Arts/Attack_normal/普通攻击-18 2.png
  artifactKey: Guid(f100ecb9d4e194ff298957fb101b8992) Importer(815301076,1909f56bfc062723c751e8b465ee728b)
Start importing Assets/Arts/Attack_normal/普通攻击-18 2.png using Guid(f100ecb9d4e194ff298957fb101b8992) Importer(815301076,1909f56bfc062723c751e8b465ee728b)  -> (artifact id: '60e03deee2c401d5e82affd5cb2ea5b2') in 0.016988 seconds 
  Import took 0.021019 seconds .

========================================================================
Received Import Request.
  Time since last request: 23.360672 seconds.
  path: Assets/Arts/Attack_normal/普通攻击-18 2.png
  artifactKey: Guid(f100ecb9d4e194ff298957fb101b8992) Importer(815301076,1909f56bfc062723c751e8b465ee728b)
Start importing Assets/Arts/Attack_normal/普通攻击-18 2.png using Guid(f100ecb9d4e194ff298957fb101b8992) Importer(815301076,1909f56bfc062723c751e8b465ee728b)  -> (artifact id: '01146ab3d6233d344da761c637823ffa') in 0.017884 seconds 
  Import took 0.021863 seconds .

========================================================================
Received Import Request.
  Time since last request: 30.199494 seconds.
  path: Assets/Arts/Attack_normal/普通攻击-6 2.png
  artifactKey: Guid(4c0bde243ec634856ae8106a3feee034) Importer(815301076,1909f56bfc062723c751e8b465ee728b)
Start importing Assets/Arts/Attack_normal/普通攻击-6 2.png using Guid(4c0bde243ec634856ae8106a3feee034) Importer(815301076,1909f56bfc062723c751e8b465ee728b)  -> (artifact id: '8ad5699a3ae8b79fa96ea1fe604ed66f') in 0.030813 seconds 
  Import took 0.035341 seconds .

========================================================================
Received Import Request.
  Time since last request: 2.499705 seconds.
  path: Assets/Arts/Attack_power/蓄力攻击-1 2.png
  artifactKey: Guid(088eb81783a8b480cb1ab19f6a0fe49c) Importer(815301076,1909f56bfc062723c751e8b465ee728b)
Start importing Assets/Arts/Attack_power/蓄力攻击-1 2.png using Guid(088eb81783a8b480cb1ab19f6a0fe49c) Importer(815301076,1909f56bfc062723c751e8b465ee728b)  -> (artifact id: 'dab93c4a1601fd2a4120f4c5764bec15') in 0.036090 seconds 
  Import took 0.041058 seconds .

========================================================================
Received Import Request.
  Time since last request: 5.588328 seconds.
  path: Assets/Arts/Attack_power/蓄力攻击-2 2.png
  artifactKey: Guid(711852b6eb7804b65b8076de633e40f8) Importer(815301076,1909f56bfc062723c751e8b465ee728b)
Start importing Assets/Arts/Attack_power/蓄力攻击-2 2.png using Guid(711852b6eb7804b65b8076de633e40f8) Importer(815301076,1909f56bfc062723c751e8b465ee728b)  -> (artifact id: '66f81ef960af67b7daf42b2e4f7c9bf0') in 0.036124 seconds 
  Import took 0.040245 seconds .

========================================================================
Received Import Request.
  Time since last request: 27.985696 seconds.
  path: Assets/Arts/Attack_power/蓄力攻击-12 2.png
  artifactKey: Guid(303da4cf3e4164ae491a1e0a2b3ad348) Importer(815301076,1909f56bfc062723c751e8b465ee728b)
Start importing Assets/Arts/Attack_power/蓄力攻击-12 2.png using Guid(303da4cf3e4164ae491a1e0a2b3ad348) Importer(815301076,1909f56bfc062723c751e8b465ee728b)  -> (artifact id: '27482eac7f90745df9adde79de041e93') in 0.041650 seconds 
  Import took 0.045877 seconds .

========================================================================
Received Import Request.
  Time since last request: 27.392138 seconds.
  path: Assets/Arts/Attack_power/蓄力攻击-12 2.png
  artifactKey: Guid(303da4cf3e4164ae491a1e0a2b3ad348) Importer(815301076,1909f56bfc062723c751e8b465ee728b)
Start importing Assets/Arts/Attack_power/蓄力攻击-12 2.png using Guid(303da4cf3e4164ae491a1e0a2b3ad348) Importer(815301076,1909f56bfc062723c751e8b465ee728b)  -> (artifact id: '39d4844eacf479ce8f721433e5f5bcad') in 0.021108 seconds 
  Import took 0.025223 seconds .

========================================================================
Received Import Request.
  Time since last request: 15.529611 seconds.
  path: Assets/Arts/Attack_normal/普通攻击-2 2.png
  artifactKey: Guid(1489ec5e87458413fa45ea612d80908c) Importer(815301076,1909f56bfc062723c751e8b465ee728b)
Start importing Assets/Arts/Attack_normal/普通攻击-2 2.png using Guid(1489ec5e87458413fa45ea612d80908c) Importer(815301076,1909f56bfc062723c751e8b465ee728b)  -> (artifact id: '89371a7da508af64440316b6d7650a1c') in 0.035865 seconds 
  Import took 0.041020 seconds .

========================================================================
Received Import Request.
  Time since last request: 0.326555 seconds.
  path: Assets/Arts/Attack_normal/普通攻击-7 2.png
  artifactKey: Guid(c21661720ad4d46a4a6b2a7ff6111811) Importer(815301076,1909f56bfc062723c751e8b465ee728b)
Start importing Assets/Arts/Attack_normal/普通攻击-7 2.png using Guid(c21661720ad4d46a4a6b2a7ff6111811) Importer(815301076,1909f56bfc062723c751e8b465ee728b)  -> (artifact id: '9c6dc32c6c33127278a798ad69eeffcc') in 0.034912 seconds 
  Import took 0.039773 seconds .

========================================================================
Received Import Request.
  Time since last request: 0.384059 seconds.
  path: Assets/Arts/Attack_normal/普通攻击-11 2.png
  artifactKey: Guid(b712394191e8b471ab87e961f1fef709) Importer(815301076,1909f56bfc062723c751e8b465ee728b)
Start importing Assets/Arts/Attack_normal/普通攻击-11 2.png using Guid(b712394191e8b471ab87e961f1fef709) Importer(815301076,1909f56bfc062723c751e8b465ee728b)  -> (artifact id: 'f3b992422d333cca03691ee0eaf51bd0') in 0.031344 seconds 
  Import took 0.036338 seconds .

========================================================================
Received Import Request.
  Time since last request: 0.980580 seconds.
  path: Assets/Arts/Attack_normal/普通攻击-15 2.png
  artifactKey: Guid(4612e5e40ef6844ff8c5333695cdfa9b) Importer(815301076,1909f56bfc062723c751e8b465ee728b)
Start importing Assets/Arts/Attack_normal/普通攻击-15 2.png using Guid(4612e5e40ef6844ff8c5333695cdfa9b) Importer(815301076,1909f56bfc062723c751e8b465ee728b)  -> (artifact id: '0940bf834d3c84b19d1c3cee699fddfd') in 0.031784 seconds 
  Import took 0.036425 seconds .

========================================================================
Received Import Request.
  Time since last request: 0.347694 seconds.
  path: Assets/Arts/Attack_normal/普通攻击-17 2.png
  artifactKey: Guid(eded964d8555f431d962450957234dca) Importer(815301076,1909f56bfc062723c751e8b465ee728b)
Start importing Assets/Arts/Attack_normal/普通攻击-17 2.png using Guid(eded964d8555f431d962450957234dca) Importer(815301076,1909f56bfc062723c751e8b465ee728b)  -> (artifact id: 'ebb5d2ce30668474b4a5e139f990e9f7') in 0.032771 seconds 
  Import took 0.037311 seconds .

========================================================================
Received Import Request.
  Time since last request: 0.498964 seconds.
  path: Assets/Arts/Attack_normal/普通攻击-12 2.png
  artifactKey: Guid(1a23bc66f35554305ba9c78a45afb5be) Importer(815301076,1909f56bfc062723c751e8b465ee728b)
Start importing Assets/Arts/Attack_normal/普通攻击-12 2.png using Guid(1a23bc66f35554305ba9c78a45afb5be) Importer(815301076,1909f56bfc062723c751e8b465ee728b)  -> (artifact id: '3cff282e72e9419b2e89bb1b7e94a4f7') in 0.035036 seconds 
  Import took 0.039596 seconds .

========================================================================
Received Import Request.
  Time since last request: 0.263076 seconds.
  path: Assets/Arts/Attack_normal/普通攻击-9 2.png
  artifactKey: Guid(565779094962b4020aaf73f6d115d5cf) Importer(815301076,1909f56bfc062723c751e8b465ee728b)
Start importing Assets/Arts/Attack_normal/普通攻击-9 2.png using Guid(565779094962b4020aaf73f6d115d5cf) Importer(815301076,1909f56bfc062723c751e8b465ee728b)  -> (artifact id: '8ea5df2caf11c7e626bbd74bc39c760a') in 0.031278 seconds 
  Import took 0.035779 seconds .

========================================================================
Received Import Request.
  Time since last request: 3.124926 seconds.
  path: Assets/Arts/Attack_power/蓄力攻击-7 2.png
  artifactKey: Guid(16d590ff861144dc2ac674d301a4c818) Importer(815301076,1909f56bfc062723c751e8b465ee728b)
Start importing Assets/Arts/Attack_power/蓄力攻击-7 2.png using Guid(16d590ff861144dc2ac674d301a4c818) Importer(815301076,1909f56bfc062723c751e8b465ee728b)  -> (artifact id: '972124078e8f6eadec61a8f19a52925b') in 0.033368 seconds 
  Import took 0.037858 seconds .

========================================================================
Received Import Request.
  Time since last request: 0.344805 seconds.
  path: Assets/Arts/Attack_power/蓄力攻击-11 2.png
  artifactKey: Guid(521175a7a59e3417398cda8c71ea3d74) Importer(815301076,1909f56bfc062723c751e8b465ee728b)
Start importing Assets/Arts/Attack_power/蓄力攻击-11 2.png using Guid(521175a7a59e3417398cda8c71ea3d74) Importer(815301076,1909f56bfc062723c751e8b465ee728b)  -> (artifact id: '970cf148e408e6d1b6724a36aff90574') in 0.036209 seconds 
  Import took 0.040728 seconds .

========================================================================
Received Import Request.
  Time since last request: 0.520314 seconds.
  path: Assets/Arts/Attack_power/蓄力攻击-13 2.png
  artifactKey: Guid(7694eacb4bc8e4d9c84050a8128d4af3) Importer(815301076,1909f56bfc062723c751e8b465ee728b)
Start importing Assets/Arts/Attack_power/蓄力攻击-13 2.png using Guid(7694eacb4bc8e4d9c84050a8128d4af3) Importer(815301076,1909f56bfc062723c751e8b465ee728b)  -> (artifact id: '627483e428b31ba6e23b6c50638d55e2') in 0.032495 seconds 
  Import took 0.036566 seconds .

========================================================================
Received Import Request.
  Time since last request: 0.282569 seconds.
  path: Assets/Arts/Attack_power/蓄力攻击-8 2.png
  artifactKey: Guid(f718a709688de429cae94fce0e6092a5) Importer(815301076,1909f56bfc062723c751e8b465ee728b)
Start importing Assets/Arts/Attack_power/蓄力攻击-8 2.png using Guid(f718a709688de429cae94fce0e6092a5) Importer(815301076,1909f56bfc062723c751e8b465ee728b)  -> (artifact id: '9e5f738b270c4be7d8e2fd8a1db5ac3b') in 0.035838 seconds 
  Import took 0.040292 seconds .

========================================================================
Received Import Request.
  Time since last request: 1.791504 seconds.
  path: Assets/Arts/Attack_power/蓄力攻击-16 2.png
  artifactKey: Guid(31f78bc96b1334ee4b66b5545be3ff81) Importer(815301076,1909f56bfc062723c751e8b465ee728b)
Start importing Assets/Arts/Attack_power/蓄力攻击-16 2.png using Guid(31f78bc96b1334ee4b66b5545be3ff81) Importer(815301076,1909f56bfc062723c751e8b465ee728b)  -> (artifact id: '3a640980132b16e5ccec13cb3c231d0f') in 0.033652 seconds 
  Import took 0.038247 seconds .

========================================================================
Received Import Request.
  Time since last request: 0.313040 seconds.
  path: Assets/Arts/Attack_power/蓄力攻击-17 2.png
  artifactKey: Guid(d66e7f23ecbbc4ac2ad58060ac119e3e) Importer(815301076,1909f56bfc062723c751e8b465ee728b)
Start importing Assets/Arts/Attack_power/蓄力攻击-17 2.png using Guid(d66e7f23ecbbc4ac2ad58060ac119e3e) Importer(815301076,1909f56bfc062723c751e8b465ee728b)  -> (artifact id: '32d5c4edc9d8be1ec00dd8462b33528f') in 0.031688 seconds 
  Import took 0.036134 seconds .

========================================================================
Received Import Request.
  Time since last request: 7.133834 seconds.
  path: Assets/Arts/Attack_normal/普通攻击-1 2.png
  artifactKey: Guid(eeb6325ea9fe048508464abc0e6b3325) Importer(815301076,1909f56bfc062723c751e8b465ee728b)
Start importing Assets/Arts/Attack_normal/普通攻击-1 2.png using Guid(eeb6325ea9fe048508464abc0e6b3325) Importer(815301076,1909f56bfc062723c751e8b465ee728b)  -> (artifact id: '5c3efb3f4457393db9915db6baf44059') in 0.032349 seconds 
  Import took 0.037187 seconds .

========================================================================
Received Import Request.
  Time since last request: 44.090715 seconds.
  path: Assets/Arts/Attack_power/蓄力攻击-1 2.png
  artifactKey: Guid(088eb81783a8b480cb1ab19f6a0fe49c) Importer(815301076,1909f56bfc062723c751e8b465ee728b)
Start importing Assets/Arts/Attack_power/蓄力攻击-1 2.png using Guid(088eb81783a8b480cb1ab19f6a0fe49c) Importer(815301076,1909f56bfc062723c751e8b465ee728b)  -> (artifact id: 'de37eb3822f84bac9fcc8c4270148568') in 0.022382 seconds 
  Import took 0.026297 seconds .

========================================================================
Received Import Request.
  Time since last request: 3.213628 seconds.
  path: Assets/Arts/Attack_power/蓄力攻击-2 2.png
  artifactKey: Guid(711852b6eb7804b65b8076de633e40f8) Importer(815301076,1909f56bfc062723c751e8b465ee728b)
Start importing Assets/Arts/Attack_power/蓄力攻击-2 2.png using Guid(711852b6eb7804b65b8076de633e40f8) Importer(815301076,1909f56bfc062723c751e8b465ee728b)  -> (artifact id: '6252d4475c111c545bdc65f3e672fa65') in 0.022193 seconds 
  Import took 0.026670 seconds .

========================================================================
Received Import Request.
  Time since last request: 1.957832 seconds.
  path: Assets/Arts/Attack_power/蓄力攻击-7 2.png
  artifactKey: Guid(16d590ff861144dc2ac674d301a4c818) Importer(815301076,1909f56bfc062723c751e8b465ee728b)
Start importing Assets/Arts/Attack_power/蓄力攻击-7 2.png using Guid(16d590ff861144dc2ac674d301a4c818) Importer(815301076,1909f56bfc062723c751e8b465ee728b)  -> (artifact id: 'f2f3e7e598398f2b66965ca92acf517a') in 0.035880 seconds 
  Import took 0.040384 seconds .

========================================================================
Received Import Request.
  Time since last request: 2.639253 seconds.
  path: Assets/Arts/Attack_power/蓄力攻击-14 2.png
  artifactKey: Guid(b592f7327605c41ba9d9ce94e44d9b39) Importer(815301076,1909f56bfc062723c751e8b465ee728b)
Start importing Assets/Arts/Attack_power/蓄力攻击-14 2.png using Guid(b592f7327605c41ba9d9ce94e44d9b39) Importer(815301076,1909f56bfc062723c751e8b465ee728b)  -> (artifact id: '6aead99a93bfcc1713070387e68f3eeb') in 0.024825 seconds 
  Import took 0.028722 seconds .

========================================================================
Received Import Request.
  Time since last request: 11.272138 seconds.
  path: Assets/Arts/Attack_new
  artifactKey: Guid(779e9bd102351483baa4485556cfe1f3) Importer(815301076,1909f56bfc062723c751e8b465ee728b)
Start importing Assets/Arts/Attack_new using Guid(779e9bd102351483baa4485556cfe1f3) Importer(815301076,1909f56bfc062723c751e8b465ee728b)  -> (artifact id: '8602c303f3c177e79ab40383e7971649') in 0.002482 seconds 
  Import took 0.006034 seconds .

========================================================================
Received Import Request.
  Time since last request: 178.656010 seconds.
  path: Assets/Arts/Attack_new/普通攻击-1.png
  artifactKey: Guid(6374a6ef2b47c496486500cb2c1032d9) Importer(815301076,1909f56bfc062723c751e8b465ee728b)
Start importing Assets/Arts/Attack_new/普通攻击-1.png using Guid(6374a6ef2b47c496486500cb2c1032d9) Importer(815301076,1909f56bfc062723c751e8b465ee728b)  -> (artifact id: '265f752811682838d216c366e7279286') in 0.036403 seconds 
  Import took 0.041374 seconds .

========================================================================
Received Import Request.
  Time since last request: 5.959577 seconds.
  path: Assets/Arts/Attack_new/普通攻击-17.png
  artifactKey: Guid(d55ea0175c30246419f7a1568b1b49b2) Importer(815301076,1909f56bfc062723c751e8b465ee728b)
Start importing Assets/Arts/Attack_new/普通攻击-17.png using Guid(d55ea0175c30246419f7a1568b1b49b2) Importer(815301076,1909f56bfc062723c751e8b465ee728b)  -> (artifact id: 'f0d90f9951d7fb5204f83fd0cb2bc483') in 0.038875 seconds 
  Import took 0.043740 seconds .

========================================================================
Received Import Request.
  Time since last request: 25.491183 seconds.
  path: Assets/Arts/Attack_new/普通攻击-17.png
  artifactKey: Guid(d55ea0175c30246419f7a1568b1b49b2) Importer(815301076,1909f56bfc062723c751e8b465ee728b)
Start importing Assets/Arts/Attack_new/普通攻击-17.png using Guid(d55ea0175c30246419f7a1568b1b49b2) Importer(815301076,1909f56bfc062723c751e8b465ee728b)  -> (artifact id: '6dec488884eebb8b3b7d36379794ae13') in 0.020507 seconds 
  Import took 0.024537 seconds .

========================================================================
Received Import Request.
  Time since last request: 124.081643 seconds.
  path: Assets/Arts/Attack_new/普通攻击-1.png
  artifactKey: Guid(6374a6ef2b47c496486500cb2c1032d9) Importer(815301076,1909f56bfc062723c751e8b465ee728b)
Start importing Assets/Arts/Attack_new/普通攻击-1.png using Guid(6374a6ef2b47c496486500cb2c1032d9) Importer(815301076,1909f56bfc062723c751e8b465ee728b)  -> (artifact id: '84c1198a7732f2f13c37e8c8758a03ae') in 0.034303 seconds 
  Import took 0.038653 seconds .

========================================================================
Received Prepare
Registering precompiled user dll's ...
Registered in 0.001901 seconds.
Begin MonoManager ReloadAssembly
Native extension for OSXStandalone target not found
Native extension for WebGL target not found
Refreshing native plugins compatible for Editor in 0.63 ms, found 3 plugins.
Preloading 0 native plugins for Editor in 0.00 ms.
Mono: successfully reloaded assembly
- Completed reload, in  1.253 seconds
Domain Reload Profiling:
	ReloadAssembly (1253ms)
		BeginReloadAssembly (138ms)
			ExecutionOrderSort (0ms)
			DisableScriptedObjects (6ms)
			BackupInstance (0ms)
			ReleaseScriptingObjects (0ms)
			CreateAndSetChildDomain (72ms)
		EndReloadAssembly (1046ms)
			LoadAssemblies (77ms)
			RebuildTransferFunctionScriptingTraits (0ms)
			SetupTypeCache (388ms)
			ReleaseScriptCaches (1ms)
			RebuildScriptCaches (65ms)
			SetupLoadedEditorAssemblies (364ms)
				LogAssemblyErrors (0ms)
				InitializePlatformSupportModulesInManaged (8ms)
				SetLoadedEditorAssemblies (1ms)
				RefreshPlugins (1ms)
				BeforeProcessingInitializeOnLoad (127ms)
				ProcessInitializeOnLoadAttributes (214ms)
				ProcessInitializeOnLoadMethodAttributes (12ms)
				AfterProcessingInitializeOnLoad (1ms)
				EditorAssembliesLoaded (0ms)
			ExecutionOrderSort2 (0ms)
			AwakeInstancesAfterBackupRestoration (10ms)
Platform modules already initialized, skipping
Refreshing native plugins compatible for Editor in 0.55 ms, found 3 plugins.
Preloading 0 native plugins for Editor in 0.00 ms.
Unloading 2185 Unused Serialized files (Serialized files now loaded: 0)
System memory in use before: 199.2 MB.
System memory in use after: 199.3 MB.

Unloading 18 unused Assets to reduce memory usage. Loaded Objects now: 2678.
Total: 2.905532 ms (FindLiveObjects: 0.152032 ms CreateObjectMapping: 0.079728 ms MarkObjects: 2.659522 ms  DeleteObjects: 0.013635 ms)

AssetImportParameters requested are different than current active one (requested -> active):
  custom:video-decoder-ogg-theora: a1e56fd34408186e4bbccfd4996cb3dc -> 
  custom:container-muxer-webm: aa71ff27fc2769a1b78a27578f13a17b -> 
  custom:container-demuxer-webm: 4f35f7cbe854078d1ac9338744f61a02 -> 
  custom:container-demuxer-ogg: 62fdf1f143b41e24485cea50d1cbac27 -> 
  custom:video-encoder-webm-vp8: eb34c28f22e8b96e1ab97ce403110664 -> 
  custom:framework-osx-AVFoundation: b23960f63f64bdc6ff669e2cdcee2391 -> 
  custom:video-decoder-webm-vp8: 9c59270c3fd7afecdb556c50c9e8de78 -> 
  custom:audio-decoder-ogg-vorbis: bf7c407c2cedff20999df2af8eb42d56 -> 
  custom:audio-encoder-webm-vorbis: bf7c407c2cedff20999df2af8eb42d56 -> 
========================================================================
Received Import Request.
  Time since last request: 23.994336 seconds.
  path: Assets/Arts/Attack_new/普通攻击-17.png
  artifactKey: Guid(d55ea0175c30246419f7a1568b1b49b2) Importer(815301076,1909f56bfc062723c751e8b465ee728b)
Start importing Assets/Arts/Attack_new/普通攻击-17.png using Guid(d55ea0175c30246419f7a1568b1b49b2) Importer(815301076,1909f56bfc062723c751e8b465ee728b)  -> (artifact id: '88ed912a87d1a40423bcb6ccbbbdf990') in 0.061987 seconds 
  Import took 0.065862 seconds .

========================================================================
Received Import Request.
  Time since last request: 37.228706 seconds.
  path: Assets/Arts/Attack_new/普通攻击-1.png
  artifactKey: Guid(6374a6ef2b47c496486500cb2c1032d9) Importer(815301076,1909f56bfc062723c751e8b465ee728b)
Start importing Assets/Arts/Attack_new/普通攻击-1.png using Guid(6374a6ef2b47c496486500cb2c1032d9) Importer(815301076,1909f56bfc062723c751e8b465ee728b)  -> (artifact id: 'f1861f3facb3dbb75e6c91c307194ede') in 0.020516 seconds 
  Import took 0.024694 seconds .

========================================================================
Received Prepare
Registering precompiled user dll's ...
Registered in 0.001936 seconds.
Begin MonoManager ReloadAssembly
Native extension for OSXStandalone target not found
Native extension for WebGL target not found
Refreshing native plugins compatible for Editor in 0.42 ms, found 3 plugins.
Preloading 0 native plugins for Editor in 0.00 ms.
Mono: successfully reloaded assembly
- Completed reload, in  1.142 seconds
Domain Reload Profiling:
	ReloadAssembly (1142ms)
		BeginReloadAssembly (128ms)
			ExecutionOrderSort (0ms)
			DisableScriptedObjects (6ms)
			BackupInstance (0ms)
			ReleaseScriptingObjects (0ms)
			CreateAndSetChildDomain (63ms)
		EndReloadAssembly (941ms)
			LoadAssemblies (74ms)
			RebuildTransferFunctionScriptingTraits (0ms)
			SetupTypeCache (345ms)
			ReleaseScriptCaches (1ms)
			RebuildScriptCaches (58ms)
			SetupLoadedEditorAssemblies (334ms)
				LogAssemblyErrors (0ms)
				InitializePlatformSupportModulesInManaged (6ms)
				SetLoadedEditorAssemblies (0ms)
				RefreshPlugins (0ms)
				BeforeProcessingInitializeOnLoad (125ms)
				ProcessInitializeOnLoadAttributes (192ms)
				ProcessInitializeOnLoadMethodAttributes (10ms)
				AfterProcessingInitializeOnLoad (1ms)
				EditorAssembliesLoaded (0ms)
			ExecutionOrderSort2 (0ms)
			AwakeInstancesAfterBackupRestoration (8ms)
Platform modules already initialized, skipping
Refreshing native plugins compatible for Editor in 0.43 ms, found 3 plugins.
Preloading 0 native plugins for Editor in 0.00 ms.
Unloading 2185 Unused Serialized files (Serialized files now loaded: 0)
System memory in use before: 199.4 MB.
System memory in use after: 199.5 MB.

Unloading 17 unused Assets to reduce memory usage. Loaded Objects now: 2681.
Total: 2.873099 ms (FindLiveObjects: 0.140512 ms CreateObjectMapping: 0.070395 ms MarkObjects: 2.648197 ms  DeleteObjects: 0.012986 ms)

AssetImportParameters requested are different than current active one (requested -> active):
  custom:video-decoder-ogg-theora: a1e56fd34408186e4bbccfd4996cb3dc -> 
  custom:container-muxer-webm: aa71ff27fc2769a1b78a27578f13a17b -> 
  custom:container-demuxer-webm: 4f35f7cbe854078d1ac9338744f61a02 -> 
  custom:container-demuxer-ogg: 62fdf1f143b41e24485cea50d1cbac27 -> 
  custom:video-encoder-webm-vp8: eb34c28f22e8b96e1ab97ce403110664 -> 
  custom:framework-osx-AVFoundation: b23960f63f64bdc6ff669e2cdcee2391 -> 
  custom:video-decoder-webm-vp8: 9c59270c3fd7afecdb556c50c9e8de78 -> 
  custom:audio-decoder-ogg-vorbis: bf7c407c2cedff20999df2af8eb42d56 -> 
  custom:audio-encoder-webm-vorbis: bf7c407c2cedff20999df2af8eb42d56 -> 
========================================================================
Received Import Request.
  Time since last request: 59.100926 seconds.
  path: Assets/Animations/AttackPower_ANI.anim
  artifactKey: Guid(99e43dc8cdcf0457d9d47f7217a5f6ec) Importer(815301076,1909f56bfc062723c751e8b465ee728b)
Start importing Assets/Animations/AttackPower_ANI.anim using Guid(99e43dc8cdcf0457d9d47f7217a5f6ec) Importer(815301076,1909f56bfc062723c751e8b465ee728b)  -> (artifact id: '139d14207a54f2a24641086a6548432d') in 0.635250 seconds 
  Import took 0.640349 seconds .

========================================================================
Received Import Request.
  Time since last request: 0.000193 seconds.
  path: Assets/Animations/AttackNormal_ANI.anim
  artifactKey: Guid(d12365cc33a4c431ea439cfb6a942c2d) Importer(815301076,1909f56bfc062723c751e8b465ee728b)
Start importing Assets/Animations/AttackNormal_ANI.anim using Guid(d12365cc33a4c431ea439cfb6a942c2d) Importer(815301076,1909f56bfc062723c751e8b465ee728b)  -> (artifact id: '298ecb97060f6f09c3881f878481e69b') in 0.003896 seconds 
  Import took 0.006868 seconds .

========================================================================
Received Import Request.
  Time since last request: 7.336385 seconds.
  path: Assets/Animations/AttackNormal_ANI 1.anim
  artifactKey: Guid(b41051b37f73b47c5b063794106b9102) Importer(815301076,1909f56bfc062723c751e8b465ee728b)
Start importing Assets/Animations/AttackNormal_ANI 1.anim using Guid(b41051b37f73b47c5b063794106b9102) Importer(815301076,1909f56bfc062723c751e8b465ee728b)  -> (artifact id: 'cb5801ea9677d79c70900972c3954010') in 0.004019 seconds 
  Import took 0.007511 seconds .

========================================================================
Received Import Request.
  Time since last request: 10.030459 seconds.
  path: Assets/Animations/AttackNormalStart_ANI.anim
  artifactKey: Guid(b41051b37f73b47c5b063794106b9102) Importer(815301076,1909f56bfc062723c751e8b465ee728b)
Start importing Assets/Animations/AttackNormalStart_ANI.anim using Guid(b41051b37f73b47c5b063794106b9102) Importer(815301076,1909f56bfc062723c751e8b465ee728b)  -> (artifact id: '70815e64832c5a15d6aef62cb154a973') in 0.003711 seconds 
  Import took 0.006851 seconds .

========================================================================
Received Import Request.
  Time since last request: 28.063071 seconds.
  path: Assets/Animations/AttackNormal_ANI.anim
  artifactKey: Guid(d12365cc33a4c431ea439cfb6a942c2d) Importer(815301076,1909f56bfc062723c751e8b465ee728b)
Start importing Assets/Animations/AttackNormal_ANI.anim using Guid(d12365cc33a4c431ea439cfb6a942c2d) Importer(815301076,1909f56bfc062723c751e8b465ee728b)  -> (artifact id: 'c4e77cfac92ba0a448d91af4805c36c1') in 0.003050 seconds 
  Import took 0.006530 seconds .

========================================================================
Received Import Request.
  Time since last request: 103.992940 seconds.
  path: Assets/Animations/Player_CTRL.controller
  artifactKey: Guid(501d712f8fcc74007aac4f53506d4ebd) Importer(815301076,1909f56bfc062723c751e8b465ee728b)
Start importing Assets/Animations/Player_CTRL.controller using Guid(501d712f8fcc74007aac4f53506d4ebd) Importer(815301076,1909f56bfc062723c751e8b465ee728b)  -> (artifact id: '5e2a8efa5d084af4b2ea12994babeb9d') in 0.173262 seconds 
  Import took 0.179681 seconds .

========================================================================
Received Import Request.
  Time since last request: 1.282581 seconds.
  path: Assets/Animations/Player_CTRL.controller
  artifactKey: Guid(501d712f8fcc74007aac4f53506d4ebd) Importer(815301076,1909f56bfc062723c751e8b465ee728b)
Start importing Assets/Animations/Player_CTRL.controller using Guid(501d712f8fcc74007aac4f53506d4ebd) Importer(815301076,1909f56bfc062723c751e8b465ee728b)  -> (artifact id: '105af7fc15e4271f7ccf2e4fd5e4b839') in 0.007239 seconds 
  Import took 0.011775 seconds .

========================================================================
Received Import Request.
  Time since last request: 194.266085 seconds.
  path: Assets/Animations/AttackNormalStart_ANI.anim
  artifactKey: Guid(b41051b37f73b47c5b063794106b9102) Importer(815301076,1909f56bfc062723c751e8b465ee728b)
Start importing Assets/Animations/AttackNormalStart_ANI.anim using Guid(b41051b37f73b47c5b063794106b9102) Importer(815301076,1909f56bfc062723c751e8b465ee728b)  -> (artifact id: '8281c77f28811a346be613189edfd78a') in 0.007524 seconds 
  Import took 0.011287 seconds .

========================================================================
Received Import Request.
  Time since last request: 11.501807 seconds.
  path: Assets/Animations/AttackNormalStart_ANI 1.anim
  artifactKey: Guid(971905727c94444659e8e47ee952cc78) Importer(815301076,1909f56bfc062723c751e8b465ee728b)
Start importing Assets/Animations/AttackNormalStart_ANI 1.anim using Guid(971905727c94444659e8e47ee952cc78) Importer(815301076,1909f56bfc062723c751e8b465ee728b)  -> (artifact id: '2cdcab233e8f50e1aef866577297267b') in 0.005832 seconds 
  Import took 0.009642 seconds .

========================================================================
Received Import Request.
  Time since last request: 13.763159 seconds.
  path: Assets/Animations/AttackNormalRelease_ANI 1.anim
  artifactKey: Guid(971905727c94444659e8e47ee952cc78) Importer(815301076,1909f56bfc062723c751e8b465ee728b)
Start importing Assets/Animations/AttackNormalRelease_ANI 1.anim using Guid(971905727c94444659e8e47ee952cc78) Importer(815301076,1909f56bfc062723c751e8b465ee728b)  -> (artifact id: 'bfa5e3b223d21e57ea290c66290d80cc') in 0.006115 seconds 
  Import took 0.010213 seconds .

========================================================================
Received Import Request.
  Time since last request: 1.947553 seconds.
  path: Assets/Animations/AttackNormalRelease_ANI.anim
  artifactKey: Guid(971905727c94444659e8e47ee952cc78) Importer(815301076,1909f56bfc062723c751e8b465ee728b)
Start importing Assets/Animations/AttackNormalRelease_ANI.anim using Guid(971905727c94444659e8e47ee952cc78) Importer(815301076,1909f56bfc062723c751e8b465ee728b)  -> (artifact id: '39d25357bbe43c9e2bc0cb59d31c2f1d') in 0.006111 seconds 
  Import took 0.010735 seconds .

========================================================================
Received Import Request.
  Time since last request: 28.563782 seconds.
  path: Assets/Arts/Attack_new/普通攻击-5.png
  artifactKey: Guid(5cdd458bdc4344e9894dd7685e011f6c) Importer(815301076,1909f56bfc062723c751e8b465ee728b)
Start importing Assets/Arts/Attack_new/普通攻击-5.png using Guid(5cdd458bdc4344e9894dd7685e011f6c) Importer(815301076,1909f56bfc062723c751e8b465ee728b)  -> (artifact id: 'b5de2947f598e9666e70328b08f1bbf7') in 0.062362 seconds 
  Import took 0.068206 seconds .

========================================================================
Received Import Request.
  Time since last request: 140.886944 seconds.
  path: Assets/Arts/Attack_new/普通攻击-18.png
  artifactKey: Guid(7d3b3345e543641a6b5802e27adb3ad5) Importer(815301076,1909f56bfc062723c751e8b465ee728b)
Start importing Assets/Arts/Attack_new/普通攻击-18.png using Guid(7d3b3345e543641a6b5802e27adb3ad5) Importer(815301076,1909f56bfc062723c751e8b465ee728b)  -> (artifact id: 'bafb60a7ebcdb190fd22f79b86c2827e') in 0.034672 seconds 
  Import took 0.040347 seconds .

========================================================================
Received Import Request.
  Time since last request: 2.835257 seconds.
  path: Assets/Arts/Attack_new/普通攻击-2.png
  artifactKey: Guid(b9e2631f6b9b14953bee8440fb0f3ade) Importer(815301076,1909f56bfc062723c751e8b465ee728b)
Start importing Assets/Arts/Attack_new/普通攻击-2.png using Guid(b9e2631f6b9b14953bee8440fb0f3ade) Importer(815301076,1909f56bfc062723c751e8b465ee728b)  -> (artifact id: '3d493d956cb17390729ffa77887281d9') in 0.041540 seconds 
  Import took 0.046357 seconds .

========================================================================
Received Import Request.
  Time since last request: 37.809094 seconds.
  path: Assets/Arts/Attack_new/普通攻击-3.png
  artifactKey: Guid(9f852afb9f48041b49dada4f783de178) Importer(815301076,1909f56bfc062723c751e8b465ee728b)
Start importing Assets/Arts/Attack_new/普通攻击-3.png using Guid(9f852afb9f48041b49dada4f783de178) Importer(815301076,1909f56bfc062723c751e8b465ee728b)  -> (artifact id: '2aa2b8a2900d726ddc74e750e48b6661') in 0.029777 seconds 
  Import took 0.036565 seconds .

========================================================================
Received Import Request.
  Time since last request: 0.323362 seconds.
  path: Assets/Arts/Attack_new/普通攻击-4.png
  artifactKey: Guid(bb87785901ceb4e199875efc0e223b4e) Importer(815301076,1909f56bfc062723c751e8b465ee728b)
Start importing Assets/Arts/Attack_new/普通攻击-4.png using Guid(bb87785901ceb4e199875efc0e223b4e) Importer(815301076,1909f56bfc062723c751e8b465ee728b)  -> (artifact id: '416d04914833b9de156dcff5b037ace9') in 0.036921 seconds 
  Import took 0.041313 seconds .

========================================================================
Received Import Request.
  Time since last request: 4.746214 seconds.
  path: Assets/Arts/Attack_new/普通攻击-6.png
  artifactKey: Guid(1abc97176c58149a6918171741cb1452) Importer(815301076,1909f56bfc062723c751e8b465ee728b)
Start importing Assets/Arts/Attack_new/普通攻击-6.png using Guid(1abc97176c58149a6918171741cb1452) Importer(815301076,1909f56bfc062723c751e8b465ee728b)  -> (artifact id: '590c57956228dda760b43da0a00616be') in 0.025730 seconds 
  Import took 0.030147 seconds .

========================================================================
Received Import Request.
  Time since last request: 157.090557 seconds.
  path: Assets/Animations/Player_CTRL.controller
  artifactKey: Guid(501d712f8fcc74007aac4f53506d4ebd) Importer(815301076,1909f56bfc062723c751e8b465ee728b)
Start importing Assets/Animations/Player_CTRL.controller using Guid(501d712f8fcc74007aac4f53506d4ebd) Importer(815301076,1909f56bfc062723c751e8b465ee728b)  -> (artifact id: '495879802763ae484971fc4776face83') in 0.009156 seconds 
  Import took 0.013418 seconds .

========================================================================
Received Import Request.
  Time since last request: 49.981084 seconds.
  path: Assets/Animations/Player_CTRL.controller
  artifactKey: Guid(501d712f8fcc74007aac4f53506d4ebd) Importer(815301076,1909f56bfc062723c751e8b465ee728b)
Start importing Assets/Animations/Player_CTRL.controller using Guid(501d712f8fcc74007aac4f53506d4ebd) Importer(815301076,1909f56bfc062723c751e8b465ee728b)  -> (artifact id: 'e79d9d66923ac07cccece26bc10afae8') in 0.007273 seconds 
  Import took 0.011403 seconds .

========================================================================
Received Prepare
Registering precompiled user dll's ...
Registered in 0.001660 seconds.
Begin MonoManager ReloadAssembly
Native extension for OSXStandalone target not found
Native extension for WebGL target not found
Refreshing native plugins compatible for Editor in 0.63 ms, found 3 plugins.
Preloading 0 native plugins for Editor in 0.00 ms.
Mono: successfully reloaded assembly
- Completed reload, in  1.220 seconds
Domain Reload Profiling:
	ReloadAssembly (1220ms)
		BeginReloadAssembly (143ms)
			ExecutionOrderSort (0ms)
			DisableScriptedObjects (7ms)
			BackupInstance (0ms)
			ReleaseScriptingObjects (0ms)
			CreateAndSetChildDomain (73ms)
		EndReloadAssembly (1002ms)
			LoadAssemblies (86ms)
			RebuildTransferFunctionScriptingTraits (0ms)
			SetupTypeCache (388ms)
			ReleaseScriptCaches (1ms)
			RebuildScriptCaches (53ms)
			SetupLoadedEditorAssemblies (351ms)
				LogAssemblyErrors (0ms)
				InitializePlatformSupportModulesInManaged (6ms)
				SetLoadedEditorAssemblies (1ms)
				RefreshPlugins (1ms)
				BeforeProcessingInitializeOnLoad (128ms)
				ProcessInitializeOnLoadAttributes (205ms)
				ProcessInitializeOnLoadMethodAttributes (10ms)
				AfterProcessingInitializeOnLoad (1ms)
				EditorAssembliesLoaded (0ms)
			ExecutionOrderSort2 (0ms)
			AwakeInstancesAfterBackupRestoration (9ms)
Platform modules already initialized, skipping
Refreshing native plugins compatible for Editor in 0.35 ms, found 3 plugins.
Preloading 0 native plugins for Editor in 0.00 ms.
Unloading 2185 Unused Serialized files (Serialized files now loaded: 0)
System memory in use before: 208.0 MB.
System memory in use after: 208.1 MB.

Unloading 17 unused Assets to reduce memory usage. Loaded Objects now: 2684.
Total: 2.498244 ms (FindLiveObjects: 0.124258 ms CreateObjectMapping: 0.058450 ms MarkObjects: 2.303746 ms  DeleteObjects: 0.011190 ms)

AssetImportParameters requested are different than current active one (requested -> active):
  custom:video-decoder-ogg-theora: a1e56fd34408186e4bbccfd4996cb3dc -> 
  custom:container-muxer-webm: aa71ff27fc2769a1b78a27578f13a17b -> 
  custom:container-demuxer-webm: 4f35f7cbe854078d1ac9338744f61a02 -> 
  custom:container-demuxer-ogg: 62fdf1f143b41e24485cea50d1cbac27 -> 
  custom:video-encoder-webm-vp8: eb34c28f22e8b96e1ab97ce403110664 -> 
  custom:framework-osx-AVFoundation: b23960f63f64bdc6ff669e2cdcee2391 -> 
  custom:video-decoder-webm-vp8: 9c59270c3fd7afecdb556c50c9e8de78 -> 
  custom:audio-decoder-ogg-vorbis: bf7c407c2cedff20999df2af8eb42d56 -> 
  custom:audio-encoder-webm-vorbis: bf7c407c2cedff20999df2af8eb42d56 -> 
========================================================================
Received Prepare
Registering precompiled user dll's ...
Registered in 0.002832 seconds.
Begin MonoManager ReloadAssembly
Native extension for OSXStandalone target not found
Native extension for WebGL target not found
Refreshing native plugins compatible for Editor in 0.44 ms, found 3 plugins.
Preloading 0 native plugins for Editor in 0.00 ms.
Mono: successfully reloaded assembly
- Completed reload, in  1.110 seconds
Domain Reload Profiling:
	ReloadAssembly (1110ms)
		BeginReloadAssembly (120ms)
			ExecutionOrderSort (0ms)
			DisableScriptedObjects (8ms)
			BackupInstance (0ms)
			ReleaseScriptingObjects (0ms)
			CreateAndSetChildDomain (59ms)
		EndReloadAssembly (914ms)
			LoadAssemblies (72ms)
			RebuildTransferFunctionScriptingTraits (0ms)
			SetupTypeCache (355ms)
			ReleaseScriptCaches (1ms)
			RebuildScriptCaches (55ms)
			SetupLoadedEditorAssemblies (309ms)
				LogAssemblyErrors (0ms)
				InitializePlatformSupportModulesInManaged (5ms)
				SetLoadedEditorAssemblies (0ms)
				RefreshPlugins (0ms)
				BeforeProcessingInitializeOnLoad (112ms)
				ProcessInitializeOnLoadAttributes (181ms)
				ProcessInitializeOnLoadMethodAttributes (9ms)
				AfterProcessingInitializeOnLoad (1ms)
				EditorAssembliesLoaded (0ms)
			ExecutionOrderSort2 (0ms)
			AwakeInstancesAfterBackupRestoration (8ms)
Platform modules already initialized, skipping
Refreshing native plugins compatible for Editor in 0.33 ms, found 3 plugins.
Preloading 0 native plugins for Editor in 0.00 ms.
Unloading 2185 Unused Serialized files (Serialized files now loaded: 0)
System memory in use before: 208.2 MB.
System memory in use after: 208.3 MB.

Unloading 17 unused Assets to reduce memory usage. Loaded Objects now: 2686.
Total: 2.719409 ms (FindLiveObjects: 0.130547 ms CreateObjectMapping: 0.064491 ms MarkObjects: 2.511228 ms  DeleteObjects: 0.012650 ms)

AssetImportParameters requested are different than current active one (requested -> active):
  custom:video-decoder-ogg-theora: a1e56fd34408186e4bbccfd4996cb3dc -> 
  custom:container-muxer-webm: aa71ff27fc2769a1b78a27578f13a17b -> 
  custom:container-demuxer-webm: 4f35f7cbe854078d1ac9338744f61a02 -> 
  custom:container-demuxer-ogg: 62fdf1f143b41e24485cea50d1cbac27 -> 
  custom:video-encoder-webm-vp8: eb34c28f22e8b96e1ab97ce403110664 -> 
  custom:framework-osx-AVFoundation: b23960f63f64bdc6ff669e2cdcee2391 -> 
  custom:video-decoder-webm-vp8: 9c59270c3fd7afecdb556c50c9e8de78 -> 
  custom:audio-decoder-ogg-vorbis: bf7c407c2cedff20999df2af8eb42d56 -> 
  custom:audio-encoder-webm-vorbis: bf7c407c2cedff20999df2af8eb42d56 -> 
========================================================================
Received Prepare
Registering precompiled user dll's ...
Registered in 0.002105 seconds.
Begin MonoManager ReloadAssembly
Native extension for OSXStandalone target not found
Native extension for WebGL target not found
Refreshing native plugins compatible for Editor in 0.60 ms, found 3 plugins.
Preloading 0 native plugins for Editor in 0.00 ms.
Mono: successfully reloaded assembly
- Completed reload, in  1.280 seconds
Domain Reload Profiling:
	ReloadAssembly (1280ms)
		BeginReloadAssembly (137ms)
			ExecutionOrderSort (0ms)
			DisableScriptedObjects (8ms)
			BackupInstance (0ms)
			ReleaseScriptingObjects (0ms)
			CreateAndSetChildDomain (67ms)
		EndReloadAssembly (1065ms)
			LoadAssemblies (86ms)
			RebuildTransferFunctionScriptingTraits (0ms)
			SetupTypeCache (398ms)
			ReleaseScriptCaches (1ms)
			RebuildScriptCaches (58ms)
			SetupLoadedEditorAssemblies (387ms)
				LogAssemblyErrors (0ms)
				InitializePlatformSupportModulesInManaged (10ms)
				SetLoadedEditorAssemblies (1ms)
				RefreshPlugins (6ms)
				BeforeProcessingInitializeOnLoad (139ms)
				ProcessInitializeOnLoadAttributes (219ms)
				ProcessInitializeOnLoadMethodAttributes (12ms)
				AfterProcessingInitializeOnLoad (1ms)
				EditorAssembliesLoaded (0ms)
			ExecutionOrderSort2 (0ms)
			AwakeInstancesAfterBackupRestoration (10ms)
Platform modules already initialized, skipping
Refreshing native plugins compatible for Editor in 0.32 ms, found 3 plugins.
Preloading 0 native plugins for Editor in 0.00 ms.
Unloading 2185 Unused Serialized files (Serialized files now loaded: 0)
System memory in use before: 208.4 MB.
System memory in use after: 208.5 MB.

Unloading 17 unused Assets to reduce memory usage. Loaded Objects now: 2688.
Total: 2.460276 ms (FindLiveObjects: 0.123591 ms CreateObjectMapping: 0.060382 ms MarkObjects: 2.264999 ms  DeleteObjects: 0.010821 ms)

AssetImportParameters requested are different than current active one (requested -> active):
  custom:video-decoder-ogg-theora: a1e56fd34408186e4bbccfd4996cb3dc -> 
  custom:container-muxer-webm: aa71ff27fc2769a1b78a27578f13a17b -> 
  custom:container-demuxer-webm: 4f35f7cbe854078d1ac9338744f61a02 -> 
  custom:container-demuxer-ogg: 62fdf1f143b41e24485cea50d1cbac27 -> 
  custom:video-encoder-webm-vp8: eb34c28f22e8b96e1ab97ce403110664 -> 
  custom:framework-osx-AVFoundation: b23960f63f64bdc6ff669e2cdcee2391 -> 
  custom:video-decoder-webm-vp8: 9c59270c3fd7afecdb556c50c9e8de78 -> 
  custom:audio-decoder-ogg-vorbis: bf7c407c2cedff20999df2af8eb42d56 -> 
  custom:audio-encoder-webm-vorbis: bf7c407c2cedff20999df2af8eb42d56 -> 
========================================================================
Received Prepare
Registering precompiled user dll's ...
Registered in 0.001542 seconds.
Begin MonoManager ReloadAssembly
Native extension for OSXStandalone target not found
Native extension for WebGL target not found
Refreshing native plugins compatible for Editor in 0.42 ms, found 3 plugins.
Preloading 0 native plugins for Editor in 0.00 ms.
Mono: successfully reloaded assembly
- Completed reload, in  1.130 seconds
Domain Reload Profiling:
	ReloadAssembly (1131ms)
		BeginReloadAssembly (123ms)
			ExecutionOrderSort (0ms)
			DisableScriptedObjects (7ms)
			BackupInstance (0ms)
			ReleaseScriptingObjects (0ms)
			CreateAndSetChildDomain (62ms)
		EndReloadAssembly (941ms)
			LoadAssemblies (72ms)
			RebuildTransferFunctionScriptingTraits (0ms)
			SetupTypeCache (371ms)
			ReleaseScriptCaches (1ms)
			RebuildScriptCaches (51ms)
			SetupLoadedEditorAssemblies (323ms)
				LogAssemblyErrors (0ms)
				InitializePlatformSupportModulesInManaged (5ms)
				SetLoadedEditorAssemblies (0ms)
				RefreshPlugins (0ms)
				BeforeProcessingInitializeOnLoad (110ms)
				ProcessInitializeOnLoadAttributes (197ms)
				ProcessInitializeOnLoadMethodAttributes (10ms)
				AfterProcessingInitializeOnLoad (1ms)
				EditorAssembliesLoaded (0ms)
			ExecutionOrderSort2 (0ms)
			AwakeInstancesAfterBackupRestoration (9ms)
Platform modules already initialized, skipping
Refreshing native plugins compatible for Editor in 0.39 ms, found 3 plugins.
Preloading 0 native plugins for Editor in 0.00 ms.
Unloading 2185 Unused Serialized files (Serialized files now loaded: 0)
System memory in use before: 208.6 MB.
System memory in use after: 208.7 MB.

Unloading 17 unused Assets to reduce memory usage. Loaded Objects now: 2690.
Total: 2.892727 ms (FindLiveObjects: 0.138982 ms CreateObjectMapping: 0.069464 ms MarkObjects: 2.670503 ms  DeleteObjects: 0.013054 ms)

AssetImportParameters requested are different than current active one (requested -> active):
  custom:video-decoder-ogg-theora: a1e56fd34408186e4bbccfd4996cb3dc -> 
  custom:container-muxer-webm: aa71ff27fc2769a1b78a27578f13a17b -> 
  custom:container-demuxer-webm: 4f35f7cbe854078d1ac9338744f61a02 -> 
  custom:container-demuxer-ogg: 62fdf1f143b41e24485cea50d1cbac27 -> 
  custom:video-encoder-webm-vp8: eb34c28f22e8b96e1ab97ce403110664 -> 
  custom:framework-osx-AVFoundation: b23960f63f64bdc6ff669e2cdcee2391 -> 
  custom:video-decoder-webm-vp8: 9c59270c3fd7afecdb556c50c9e8de78 -> 
  custom:audio-decoder-ogg-vorbis: bf7c407c2cedff20999df2af8eb42d56 -> 
  custom:audio-encoder-webm-vorbis: bf7c407c2cedff20999df2af8eb42d56 -> 
========================================================================
Received Prepare
Registering precompiled user dll's ...
Registered in 0.001898 seconds.
Begin MonoManager ReloadAssembly
Native extension for OSXStandalone target not found
Native extension for WebGL target not found
Refreshing native plugins compatible for Editor in 0.47 ms, found 3 plugins.
Preloading 0 native plugins for Editor in 0.00 ms.
Mono: successfully reloaded assembly
- Completed reload, in  1.310 seconds
Domain Reload Profiling:
	ReloadAssembly (1311ms)
		BeginReloadAssembly (133ms)
			ExecutionOrderSort (0ms)
			DisableScriptedObjects (9ms)
			BackupInstance (0ms)
			ReleaseScriptingObjects (0ms)
			CreateAndSetChildDomain (67ms)
		EndReloadAssembly (1107ms)
			LoadAssemblies (74ms)
			RebuildTransferFunctionScriptingTraits (0ms)
			SetupTypeCache (425ms)
			ReleaseScriptCaches (1ms)
			RebuildScriptCaches (61ms)
			SetupLoadedEditorAssemblies (410ms)
				LogAssemblyErrors (0ms)
				InitializePlatformSupportModulesInManaged (5ms)
				SetLoadedEditorAssemblies (1ms)
				RefreshPlugins (0ms)
				BeforeProcessingInitializeOnLoad (161ms)
				ProcessInitializeOnLoadAttributes (232ms)
				ProcessInitializeOnLoadMethodAttributes (10ms)
				AfterProcessingInitializeOnLoad (1ms)
				EditorAssembliesLoaded (0ms)
			ExecutionOrderSort2 (0ms)
			AwakeInstancesAfterBackupRestoration (9ms)
Platform modules already initialized, skipping
Refreshing native plugins compatible for Editor in 0.34 ms, found 3 plugins.
Preloading 0 native plugins for Editor in 0.00 ms.
Unloading 2185 Unused Serialized files (Serialized files now loaded: 0)
System memory in use before: 208.8 MB.
System memory in use after: 209.0 MB.

Unloading 17 unused Assets to reduce memory usage. Loaded Objects now: 2692.
Total: 2.882235 ms (FindLiveObjects: 0.140693 ms CreateObjectMapping: 0.069707 ms MarkObjects: 2.658178 ms  DeleteObjects: 0.013032 ms)

AssetImportParameters requested are different than current active one (requested -> active):
  custom:video-decoder-ogg-theora: a1e56fd34408186e4bbccfd4996cb3dc -> 
  custom:container-muxer-webm: aa71ff27fc2769a1b78a27578f13a17b -> 
  custom:container-demuxer-webm: 4f35f7cbe854078d1ac9338744f61a02 -> 
  custom:container-demuxer-ogg: 62fdf1f143b41e24485cea50d1cbac27 -> 
  custom:video-encoder-webm-vp8: eb34c28f22e8b96e1ab97ce403110664 -> 
  custom:framework-osx-AVFoundation: b23960f63f64bdc6ff669e2cdcee2391 -> 
  custom:video-decoder-webm-vp8: 9c59270c3fd7afecdb556c50c9e8de78 -> 
  custom:audio-decoder-ogg-vorbis: bf7c407c2cedff20999df2af8eb42d56 -> 
  custom:audio-encoder-webm-vorbis: bf7c407c2cedff20999df2af8eb42d56 -> 
========================================================================
Received Prepare
Registering precompiled user dll's ...
Registered in 0.002036 seconds.
Begin MonoManager ReloadAssembly
Native extension for OSXStandalone target not found
Native extension for WebGL target not found
Refreshing native plugins compatible for Editor in 0.43 ms, found 3 plugins.
Preloading 0 native plugins for Editor in 0.00 ms.
Mono: successfully reloaded assembly
- Completed reload, in  1.056 seconds
Domain Reload Profiling:
	ReloadAssembly (1056ms)
		BeginReloadAssembly (118ms)
			ExecutionOrderSort (0ms)
			DisableScriptedObjects (6ms)
			BackupInstance (0ms)
			ReleaseScriptingObjects (0ms)
			CreateAndSetChildDomain (60ms)
		EndReloadAssembly (876ms)
			LoadAssemblies (66ms)
			RebuildTransferFunctionScriptingTraits (0ms)
			SetupTypeCache (329ms)
			ReleaseScriptCaches (1ms)
			RebuildScriptCaches (49ms)
			SetupLoadedEditorAssemblies (313ms)
				LogAssemblyErrors (0ms)
				InitializePlatformSupportModulesInManaged (5ms)
				SetLoadedEditorAssemblies (0ms)
				RefreshPlugins (0ms)
				BeforeProcessingInitializeOnLoad (113ms)
				ProcessInitializeOnLoadAttributes (183ms)
				ProcessInitializeOnLoadMethodAttributes (10ms)
				AfterProcessingInitializeOnLoad (1ms)
				EditorAssembliesLoaded (0ms)
			ExecutionOrderSort2 (0ms)
			AwakeInstancesAfterBackupRestoration (8ms)
Platform modules already initialized, skipping
Refreshing native plugins compatible for Editor in 0.39 ms, found 3 plugins.
Preloading 0 native plugins for Editor in 0.00 ms.
Unloading 2185 Unused Serialized files (Serialized files now loaded: 0)
System memory in use before: 209.0 MB.
System memory in use after: 209.1 MB.

Unloading 17 unused Assets to reduce memory usage. Loaded Objects now: 2694.
Total: 3.032842 ms (FindLiveObjects: 0.146052 ms CreateObjectMapping: 0.073226 ms MarkObjects: 2.797340 ms  DeleteObjects: 0.015314 ms)

AssetImportParameters requested are different than current active one (requested -> active):
  custom:video-decoder-ogg-theora: a1e56fd34408186e4bbccfd4996cb3dc -> 
  custom:container-muxer-webm: aa71ff27fc2769a1b78a27578f13a17b -> 
  custom:container-demuxer-webm: 4f35f7cbe854078d1ac9338744f61a02 -> 
  custom:container-demuxer-ogg: 62fdf1f143b41e24485cea50d1cbac27 -> 
  custom:video-encoder-webm-vp8: eb34c28f22e8b96e1ab97ce403110664 -> 
  custom:framework-osx-AVFoundation: b23960f63f64bdc6ff669e2cdcee2391 -> 
  custom:video-decoder-webm-vp8: 9c59270c3fd7afecdb556c50c9e8de78 -> 
  custom:audio-decoder-ogg-vorbis: bf7c407c2cedff20999df2af8eb42d56 -> 
  custom:audio-encoder-webm-vorbis: bf7c407c2cedff20999df2af8eb42d56 -> 
========================================================================
Received Prepare
Registering precompiled user dll's ...
Registered in 0.001982 seconds.
Begin MonoManager ReloadAssembly
Native extension for OSXStandalone target not found
Native extension for WebGL target not found
Refreshing native plugins compatible for Editor in 0.43 ms, found 3 plugins.
Preloading 0 native plugins for Editor in 0.00 ms.
Mono: successfully reloaded assembly
- Completed reload, in  1.223 seconds
Domain Reload Profiling:
	ReloadAssembly (1223ms)
		BeginReloadAssembly (138ms)
			ExecutionOrderSort (0ms)
			DisableScriptedObjects (7ms)
			BackupInstance (0ms)
			ReleaseScriptingObjects (0ms)
			CreateAndSetChildDomain (72ms)
		EndReloadAssembly (1006ms)
			LoadAssemblies (83ms)
			RebuildTransferFunctionScriptingTraits (0ms)
			SetupTypeCache (386ms)
			ReleaseScriptCaches (1ms)
			RebuildScriptCaches (56ms)
			SetupLoadedEditorAssemblies (352ms)
				LogAssemblyErrors (0ms)
				InitializePlatformSupportModulesInManaged (6ms)
				SetLoadedEditorAssemblies (1ms)
				RefreshPlugins (0ms)
				BeforeProcessingInitializeOnLoad (116ms)
				ProcessInitializeOnLoadAttributes (215ms)
				ProcessInitializeOnLoadMethodAttributes (12ms)
				AfterProcessingInitializeOnLoad (1ms)
				EditorAssembliesLoaded (0ms)
			ExecutionOrderSort2 (0ms)
			AwakeInstancesAfterBackupRestoration (11ms)
Platform modules already initialized, skipping
Refreshing native plugins compatible for Editor in 0.61 ms, found 3 plugins.
Preloading 0 native plugins for Editor in 0.00 ms.
Unloading 2185 Unused Serialized files (Serialized files now loaded: 0)
System memory in use before: 209.2 MB.
System memory in use after: 209.3 MB.

Unloading 17 unused Assets to reduce memory usage. Loaded Objects now: 2696.
Total: 2.962446 ms (FindLiveObjects: 0.160401 ms CreateObjectMapping: 0.076376 ms MarkObjects: 2.711281 ms  DeleteObjects: 0.013534 ms)

AssetImportParameters requested are different than current active one (requested -> active):
  custom:video-decoder-ogg-theora: a1e56fd34408186e4bbccfd4996cb3dc -> 
  custom:container-muxer-webm: aa71ff27fc2769a1b78a27578f13a17b -> 
  custom:container-demuxer-webm: 4f35f7cbe854078d1ac9338744f61a02 -> 
  custom:container-demuxer-ogg: 62fdf1f143b41e24485cea50d1cbac27 -> 
  custom:video-encoder-webm-vp8: eb34c28f22e8b96e1ab97ce403110664 -> 
  custom:framework-osx-AVFoundation: b23960f63f64bdc6ff669e2cdcee2391 -> 
  custom:video-decoder-webm-vp8: 9c59270c3fd7afecdb556c50c9e8de78 -> 
  custom:audio-decoder-ogg-vorbis: bf7c407c2cedff20999df2af8eb42d56 -> 
  custom:audio-encoder-webm-vorbis: bf7c407c2cedff20999df2af8eb42d56 -> 
========================================================================
Received Prepare
Registering precompiled user dll's ...
Registered in 0.001901 seconds.
Begin MonoManager ReloadAssembly
Native extension for OSXStandalone target not found
Native extension for WebGL target not found
Refreshing native plugins compatible for Editor in 0.43 ms, found 3 plugins.
Preloading 0 native plugins for Editor in 0.00 ms.
Mono: successfully reloaded assembly
- Completed reload, in  1.159 seconds
Domain Reload Profiling:
	ReloadAssembly (1159ms)
		BeginReloadAssembly (132ms)
			ExecutionOrderSort (0ms)
			DisableScriptedObjects (6ms)
			BackupInstance (0ms)
			ReleaseScriptingObjects (0ms)
			CreateAndSetChildDomain (64ms)
		EndReloadAssembly (957ms)
			LoadAssemblies (75ms)
			RebuildTransferFunctionScriptingTraits (0ms)
			SetupTypeCache (354ms)
			ReleaseScriptCaches (1ms)
			RebuildScriptCaches (59ms)
			SetupLoadedEditorAssemblies (337ms)
				LogAssemblyErrors (0ms)
				InitializePlatformSupportModulesInManaged (5ms)
				SetLoadedEditorAssemblies (1ms)
				RefreshPlugins (0ms)
				BeforeProcessingInitializeOnLoad (124ms)
				ProcessInitializeOnLoadAttributes (191ms)
				ProcessInitializeOnLoadMethodAttributes (14ms)
				AfterProcessingInitializeOnLoad (2ms)
				EditorAssembliesLoaded (0ms)
			ExecutionOrderSort2 (0ms)
			AwakeInstancesAfterBackupRestoration (11ms)
Platform modules already initialized, skipping
Refreshing native plugins compatible for Editor in 0.50 ms, found 3 plugins.
Preloading 0 native plugins for Editor in 0.00 ms.
Unloading 2185 Unused Serialized files (Serialized files now loaded: 0)
System memory in use before: 209.4 MB.
System memory in use after: 209.5 MB.

Unloading 17 unused Assets to reduce memory usage. Loaded Objects now: 2698.
Total: 2.945020 ms (FindLiveObjects: 0.163597 ms CreateObjectMapping: 0.078354 ms MarkObjects: 2.684460 ms  DeleteObjects: 0.017880 ms)

AssetImportParameters requested are different than current active one (requested -> active):
  custom:video-decoder-ogg-theora: a1e56fd34408186e4bbccfd4996cb3dc -> 
  custom:container-muxer-webm: aa71ff27fc2769a1b78a27578f13a17b -> 
  custom:container-demuxer-webm: 4f35f7cbe854078d1ac9338744f61a02 -> 
  custom:container-demuxer-ogg: 62fdf1f143b41e24485cea50d1cbac27 -> 
  custom:video-encoder-webm-vp8: eb34c28f22e8b96e1ab97ce403110664 -> 
  custom:framework-osx-AVFoundation: b23960f63f64bdc6ff669e2cdcee2391 -> 
  custom:video-decoder-webm-vp8: 9c59270c3fd7afecdb556c50c9e8de78 -> 
  custom:audio-decoder-ogg-vorbis: bf7c407c2cedff20999df2af8eb42d56 -> 
  custom:audio-encoder-webm-vorbis: bf7c407c2cedff20999df2af8eb42d56 -> 
========================================================================
Received Prepare
Registering precompiled user dll's ...
Registered in 0.001886 seconds.
Begin MonoManager ReloadAssembly
Native extension for OSXStandalone target not found
Native extension for WebGL target not found
Refreshing native plugins compatible for Editor in 0.42 ms, found 3 plugins.
Preloading 0 native plugins for Editor in 0.00 ms.
Mono: successfully reloaded assembly
- Completed reload, in  1.126 seconds
Domain Reload Profiling:
	ReloadAssembly (1127ms)
		BeginReloadAssembly (138ms)
			ExecutionOrderSort (0ms)
			DisableScriptedObjects (6ms)
			BackupInstance (0ms)
			ReleaseScriptingObjects (0ms)
			CreateAndSetChildDomain (70ms)
		EndReloadAssembly (920ms)
			LoadAssemblies (82ms)
			RebuildTransferFunctionScriptingTraits (0ms)
			SetupTypeCache (339ms)
			ReleaseScriptCaches (1ms)
			RebuildScriptCaches (52ms)
			SetupLoadedEditorAssemblies (327ms)
				LogAssemblyErrors (0ms)
				InitializePlatformSupportModulesInManaged (5ms)
				SetLoadedEditorAssemblies (0ms)
				RefreshPlugins (0ms)
				BeforeProcessingInitializeOnLoad (113ms)
				ProcessInitializeOnLoadAttributes (196ms)
				ProcessInitializeOnLoadMethodAttributes (11ms)
				AfterProcessingInitializeOnLoad (1ms)
				EditorAssembliesLoaded (0ms)
			ExecutionOrderSort2 (0ms)
			AwakeInstancesAfterBackupRestoration (11ms)
Platform modules already initialized, skipping
Refreshing native plugins compatible for Editor in 0.37 ms, found 3 plugins.
Preloading 0 native plugins for Editor in 0.00 ms.
Unloading 2185 Unused Serialized files (Serialized files now loaded: 0)
System memory in use before: 209.6 MB.
System memory in use after: 209.7 MB.

Unloading 17 unused Assets to reduce memory usage. Loaded Objects now: 2700.
Total: 2.918933 ms (FindLiveObjects: 0.145020 ms CreateObjectMapping: 0.071520 ms MarkObjects: 2.688624 ms  DeleteObjects: 0.012955 ms)

AssetImportParameters requested are different than current active one (requested -> active):
  custom:video-decoder-ogg-theora: a1e56fd34408186e4bbccfd4996cb3dc -> 
  custom:container-muxer-webm: aa71ff27fc2769a1b78a27578f13a17b -> 
  custom:container-demuxer-webm: 4f35f7cbe854078d1ac9338744f61a02 -> 
  custom:container-demuxer-ogg: 62fdf1f143b41e24485cea50d1cbac27 -> 
  custom:video-encoder-webm-vp8: eb34c28f22e8b96e1ab97ce403110664 -> 
  custom:framework-osx-AVFoundation: b23960f63f64bdc6ff669e2cdcee2391 -> 
  custom:video-decoder-webm-vp8: 9c59270c3fd7afecdb556c50c9e8de78 -> 
  custom:audio-decoder-ogg-vorbis: bf7c407c2cedff20999df2af8eb42d56 -> 
  custom:audio-encoder-webm-vorbis: bf7c407c2cedff20999df2af8eb42d56 -> 
AssetImportWorkerClient::OnTransportError - code=2 error=End of file
